<?xml version="1.0" encoding="UTF-8"?>
<!-- Generated by org.testng.reporters.JUnitReportReporter -->
<testsuite skipped="0" hostname="sujoy-PC" name="com.crm.qa.testcases.HomePageTest" tests="3" failures="0" timestamp="12 Aug 2018 12:46:40 GMT" time="63.920" errors="0">
  <testcase name="verifyHomePageTest" time="22.722" classname="com.crm.qa.testcases.HomePageTest"/>
  <testcase name="verifyHomePageTitle" time="17.282" classname="com.crm.qa.testcases.HomePageTest"/>
  <testcase name="verifyContactTest" time="23.916" classname="com.crm.qa.testcases.HomePageTest"/>
</testsuite> <!-- com.crm.qa.testcases.HomePageTest -->
