<?xml version="1.0" encoding="UTF-8"?>
<!-- Generated by org.testng.reporters.JUnitReportReporter -->
<testsuite skipped="0" hostname="sujoy-PC" name="com.crm.qa.testcases.ContactsPageTest" tests="4" failures="0" timestamp="12 Aug 2018 12:46:41 GMT" time="105.544" errors="0">
  <testcase name="verifyContactPageTest" time="21.708" classname="com.crm.qa.testcases.ContactsPageTest"/>
  <testcase name="newContactEntryTest" time="28.446" classname="com.crm.qa.testcases.ContactsPageTest"/>
  <testcase name="newContactEntryTest" time="26.604" classname="com.crm.qa.testcases.ContactsPageTest"/>
  <testcase name="newContactEntryTest" time="28.786" classname="com.crm.qa.testcases.ContactsPageTest"/>
</testsuite> <!-- com.crm.qa.testcases.ContactsPageTest -->
